<?xml version="1.0" encoding="UTF-8"?>
<!-- Generated by org.testng.reporters.JUnitXMLReporter -->
<testsuite hostname="DESKTOP-FLR20HU" ignored="0" name="Test" tests="1" failures="0" timestamp="21 Jan 2018 03:53:36 GMT" time="0.095" errors="0">
  <testcase name="@BeforeMethod setup" time="0.06" classname="com.singletoneClass.DriverTestPage">
    <failure type="java.lang.IllegalStateException" message="The path to the driver executable must be set by the webdriver.chrome.driver system property; for more information, see https://github.com/SeleniumHQ/selenium/wiki/ChromeDriver. The latest version can be downloaded from http://chromedriver.storage.googleapis.com/index.html">
      <![CDATA[java.lang.IllegalStateException: The path to the driver executable must be set by the webdriver.chrome.driver system property; for more information, see https://github.com/SeleniumHQ/selenium/wiki/ChromeDriver. The latest version can be downloaded from http://chromedriver.storage.googleapis.com/index.htmlat com.google.common.base.Preconditions.checkState(Preconditions.java:469)at org.openqa.selenium.remote.service.DriverService.findExecutable(DriverService.java:109)at org.openqa.selenium.chrome.ChromeDriverService.access$000(ChromeDriverService.java:32)at org.openqa.selenium.chrome.ChromeDriverService$Builder.findDefaultExecutable(ChromeDriverService.java:137)at org.openqa.selenium.remote.service.DriverService$Builder.build(DriverService.java:296)at org.openqa.selenium.chrome.ChromeDriverService.createDefaultService(ChromeDriverService.java:88)at org.openqa.selenium.chrome.ChromeDriver.<init>(ChromeDriver.java:116)at com.singletoneClass.DriverInit.openBrowser(DriverInit.java:13)at com.singletoneClass.DriverTestPage.setup(DriverTestPage.java:13)... Removed 28 stack frames]]>
    </failure>
  </testcase> <!-- @BeforeMethod setup -->
  <testcase name="@AfterTest TearDown" time="0.0" classname="com.singletoneClass.DriverTestPage">
    <skipped/>
  </testcase> <!-- @AfterTest TearDown -->
  <testcase name="TestMethod" time="0.0" classname="com.singletoneClass.DriverTestPage">
    <skipped/>
  </testcase> <!-- TestMethod -->
</testsuite> <!-- Test -->
